#
# There is insufficient memory for the Java Runtime Environment to continue.
# Native memory allocation (malloc) failed to allocate 547024 bytes for Chunk::new
# Possible reasons:
#   The system is out of physical RAM or swap space
#   The process is running with CompressedOops enabled, and the Java Heap may be blocking the growth of the native heap
# Possible solutions:
#   Reduce memory load on the system
#   Increase physical memory or swap space
#   Check if swap backing store is full
#   Decrease Java heap size (-Xmx/-Xms)
#   Decrease number of Java threads
#   Decrease Java thread stack sizes (-Xss)
#   Set larger code cache with -XX:ReservedCodeCacheSize=
#   JVM is running with Unscaled Compressed Oops mode in which the Java heap is
#     placed in the first 4GB address space. The Java Heap base address is the
#     maximum limit for the native heap growth. Please use -XX:HeapBaseMinAddress
#     to set the Java Heap base and to place the Java Heap above 4GB virtual address.
# This output file may be truncated or incomplete.
#
#  Out of Memory Error (allocation.cpp:389), pid=16248, tid=0x00000000000022cc
#
# JRE version: Java(TM) SE Runtime Environment (8.0_261-b12) (build 1.8.0_261-b12)
# Java VM: Java HotSpot(TM) 64-Bit Server VM (25.261-b12 mixed mode windows-amd64 compressed oops)
# Failed to write core dump. Minidumps are not enabled by default on client versions of Windows
#

---------------  T H R E A D  ---------------

Current thread (0x0000023514380000):  JavaThread "C2 CompilerThread1" daemon [_thread_in_native, id=8908, stack(0x000000ca24b00000,0x000000ca24c00000)]

Stack: [0x000000ca24b00000,0x000000ca24c00000]
Native frames: (J=compiled Java code, j=interpreted, Vv=VM code, C=native code)
V  [jvm.dll+0x33e5f9]
V  [jvm.dll+0x2850e2]
V  [jvm.dll+0x285d8d]
V  [jvm.dll+0x27c895]
V  [jvm.dll+0xe4d6c]
V  [jvm.dll+0xe556c]
V  [jvm.dll+0x47ed35]
V  [jvm.dll+0x446ab8]
V  [jvm.dll+0x44f8f5]
V  [jvm.dll+0x44ecb5]
V  [jvm.dll+0x439bc7]
V  [jvm.dll+0xbbbcb]
V  [jvm.dll+0xba22b]
V  [jvm.dll+0x24d962]
V  [jvm.dll+0x2a1cfc]
C  [ucrtbase.dll+0x214c2]
C  [KERNEL32.DLL+0x16fd4]
C  [ntdll.dll+0x4cec1]


Current CompileTask:
C2:   4442 1954   !   4       java.net.URL::<init> (543 bytes)


---------------  P R O C E S S  ---------------

Java Threads: ( => current thread )
  0x000002351438a000 JavaThread "Cache worker for execution history cache (C:\Users\cheba\.gradle\caches\6.6.1\executionHistory)" [_thread_blocked, id=14288, stack(0x000000ca26200000,0x000000ca26300000)]
  0x0000023514388800 JavaThread "Cache worker for cache directory md-rule (C:\Users\cheba\.gradle\caches\6.6.1\md-rule)" [_thread_blocked, id=11164, stack(0x000000ca26100000,0x000000ca26200000)]
  0x0000023514388000 JavaThread "Cache worker for cache directory md-supplier (C:\Users\cheba\.gradle\caches\6.6.1\md-supplier)" [_thread_blocked, id=6724, stack(0x000000ca26000000,0x000000ca26100000)]
  0x0000023514386000 JavaThread "Cache worker for checksums cache (C:\Users\cheba\Desktop\SVFU\mobile\labi\chebanovKonstantin\android\.gradle\checksums)" [_thread_blocked, id=8568, stack(0x000000ca25f00000,0x000000ca26000000)]
  0x000002351438d000 JavaThread "Cache worker for file hash cache (C:\Users\cheba\Desktop\SVFU\mobile\labi\chebanovKonstantin\android\.gradle\6.6.1\fileHashes)" [_thread_blocked, id=6940, stack(0x000000ca25e00000,0x000000ca25f00000)]
  0x0000023514387000 JavaThread "Cache worker for journal cache (C:\Users\cheba\.gradle\caches\journal-1)" [_thread_blocked, id=6488, stack(0x000000ca25d00000,0x000000ca25e00000)]
  0x000002351438b800 JavaThread "File lock request listener" [_thread_in_native, id=12176, stack(0x000000ca25c00000,0x000000ca25d00000)]
  0x000002351438b000 JavaThread "Cache worker for file hash cache (C:\Users\cheba\.gradle\caches\6.6.1\fileHashes)" [_thread_blocked, id=12628, stack(0x000000ca25b00000,0x000000ca25c00000)]
  0x0000023516e54000 JavaThread "Thread-9" [_thread_blocked, id=6124, stack(0x000000ca25a00000,0x000000ca25b00000)]
  0x0000023516db3000 JavaThread "Stdin handler" [_thread_blocked, id=1340, stack(0x000000ca25900000,0x000000ca25a00000)]
  0x0000023516dc3000 JavaThread "Asynchronous log dispatcher for DefaultDaemonConnection: socket connection from /127.0.0.1:61996 to /127.0.0.1:61997" [_thread_blocked, id=3624, stack(0x000000ca25800000,0x000000ca25900000)]
  0x0000023516dc0000 JavaThread "Daemon worker" [_thread_in_vm, id=12172, stack(0x000000ca25700000,0x000000ca25800000)]
  0x0000023516da6800 JavaThread "Cancel handler" [_thread_blocked, id=11800, stack(0x000000ca25600000,0x000000ca25700000)]
  0x0000023516d83000 JavaThread "Handler for socket connection from /127.0.0.1:61996 to /127.0.0.1:61997" [_thread_in_native, id=5744, stack(0x000000ca25500000,0x000000ca25600000)]
  0x0000023516d82800 JavaThread "Daemon" [_thread_blocked, id=7832, stack(0x000000ca25400000,0x000000ca25500000)]
  0x0000023516cf4000 JavaThread "Daemon periodic checks" [_thread_blocked, id=6644, stack(0x000000ca25300000,0x000000ca25400000)]
  0x0000023516d04800 JavaThread "Incoming local TCP Connector on port 61996" [_thread_in_native, id=8780, stack(0x000000ca25200000,0x000000ca25300000)]
  0x0000023516c86800 JavaThread "Daemon health stats" [_thread_blocked, id=15620, stack(0x000000ca24f00000,0x000000ca25000000)]
  0x0000023514400000 JavaThread "Service Thread" daemon [_thread_blocked, id=2500, stack(0x000000ca24d00000,0x000000ca24e00000)]
  0x0000023514389800 JavaThread "C1 CompilerThread2" daemon [_thread_blocked, id=8856, stack(0x000000ca24c00000,0x000000ca24d00000)]
=>0x0000023514380000 JavaThread "C2 CompilerThread1" daemon [_thread_in_native, id=8908, stack(0x000000ca24b00000,0x000000ca24c00000)]
  0x0000023514379000 JavaThread "C2 CompilerThread0" daemon [_thread_blocked, id=13460, stack(0x000000ca24a00000,0x000000ca24b00000)]
  0x0000023514372000 JavaThread "Attach Listener" daemon [_thread_blocked, id=13768, stack(0x000000ca24900000,0x000000ca24a00000)]
  0x0000023514371000 JavaThread "Signal Dispatcher" daemon [_thread_blocked, id=8924, stack(0x000000ca24800000,0x000000ca24900000)]
  0x0000023513c29000 JavaThread "Finalizer" daemon [_thread_blocked, id=6360, stack(0x000000ca24700000,0x000000ca24800000)]
  0x0000023514356000 JavaThread "Reference Handler" daemon [_thread_blocked, id=6060, stack(0x000000ca24600000,0x000000ca24700000)]
  0x00000235013b3000 JavaThread "main" [_thread_blocked, id=13972, stack(0x000000ca24000000,0x000000ca24100000)]

Other Threads:
  0x0000023514332000 VMThread [stack: 0x000000ca24500000,0x000000ca24600000] [id=2332]
  0x000002351441e800 WatcherThread [stack: 0x000000ca24e00000,0x000000ca24f00000] [id=8740]

VM state:not at safepoint (normal execution)

VM Mutex/Monitor currently owned by a thread: None

heap address: 0x00000000e0000000, size: 512 MB, Compressed Oops mode: 32-bit
Narrow klass base: 0x0000000000000000, Narrow klass shift: 3
Compressed class space size: 1073741824 Address: 0x0000000100000000

Heap:
 PSYoungGen      total 76288K, used 38094K [0x00000000f5580000, 0x00000000faa80000, 0x0000000100000000)
  eden space 65536K, 58% used [0x00000000f5580000,0x00000000f7ab3ad0,0x00000000f9580000)
  from space 10752K, 0% used [0x00000000fa000000,0x00000000fa000000,0x00000000faa80000)
  to   space 10752K, 0% used [0x00000000f9580000,0x00000000f9580000,0x00000000fa000000)
 ParOldGen       total 175104K, used 7370K [0x00000000e0000000, 0x00000000eab00000, 0x00000000f5580000)
  object space 175104K, 4% used [0x00000000e0000000,0x00000000e0732af0,0x00000000eab00000)
 Metaspace       used 23214K, capacity 23960K, committed 24192K, reserved 1069056K
  class space    used 3453K, capacity 3638K, committed 3712K, reserved 1048576K

Card table byte_map: [0x0000023512060000,0x0000023512170000] byte_map_base: 0x0000023511960000

Marking Bits: (ParMarkBitMap*) 0x000000006c4e4fb0
 Begin Bits: [0x0000023512220000, 0x0000023512a20000)
 End Bits:   [0x0000023512a20000, 0x0000023513220000)

Polling page: 0x0000023502c70000

CodeCache: size=245760Kb used=7147Kb max_used=7147Kb free=238613Kb
 bounds [0x0000023502ca0000, 0x00000235033a0000, 0x0000023511ca0000]
 total_blobs=2456 nmethods=2032 adapters=336
 compilation: enabled

Compilation events (10 events):
Event: 4.408 Thread 0x0000023514389800 2006       3       org.objectweb.asm.Type::getMethodDescriptor (66 bytes)
Event: 4.408 Thread 0x0000023514389800 nmethod 2006 0x0000023503387190 code [0x0000023503387400, 0x0000023503388430]
Event: 4.412 Thread 0x0000023514389800 2007       3       org.objectweb.asm.Type::getInternalName (12 bytes)
Event: 4.412 Thread 0x0000023514389800 nmethod 2007 0x0000023503389010 code [0x0000023503389180, 0x0000023503389500]
Event: 4.412 Thread 0x0000023514389800 2008       3       org.objectweb.asm.Attribute::computeAttributesSize (62 bytes)
Event: 4.413 Thread 0x0000023514389800 nmethod 2008 0x0000023503389650 code [0x00000235033897e0, 0x0000023503389d50]
Event: 4.413 Thread 0x0000023514389800 2009       3       org.objectweb.asm.AnnotationWriter::computeAnnotationsSize (66 bytes)
Event: 4.413 Thread 0x0000023514389800 nmethod 2009 0x0000023503389ed0 code [0x000002350338a080, 0x000002350338a600]
Event: 4.417 Thread 0x0000023514389800 2010       3       java.util.concurrent.locks.ReentrantLock$Sync::nonfairTryAcquire (67 bytes)
Event: 4.417 Thread 0x0000023514389800 nmethod 2010 0x000002350338a7d0 code [0x000002350338a960, 0x000002350338b090]

GC Heap History (10 events):
Event: 1.264 GC heap before
{Heap before GC invocations=1 (full 0):
 PSYoungGen      total 76288K, used 65536K [0x00000000f5580000, 0x00000000faa80000, 0x0000000100000000)
  eden space 65536K, 100% used [0x00000000f5580000,0x00000000f9580000,0x00000000f9580000)
  from space 10752K, 0% used [0x00000000fa000000,0x00000000fa000000,0x00000000faa80000)
  to   space 10752K, 0% used [0x00000000f9580000,0x00000000f9580000,0x00000000fa000000)
 ParOldGen       total 175104K, used 0K [0x00000000e0000000, 0x00000000eab00000, 0x00000000f5580000)
  object space 175104K, 0% used [0x00000000e0000000,0x00000000e0000000,0x00000000eab00000)
 Metaspace       used 7726K, capacity 8032K, committed 8320K, reserved 1056768K
  class space    used 974K, capacity 1079K, committed 1152K, reserved 1048576K
Event: 1.273 GC heap after
Heap after GC invocations=1 (full 0):
 PSYoungGen      total 76288K, used 5974K [0x00000000f5580000, 0x00000000faa80000, 0x0000000100000000)
  eden space 65536K, 0% used [0x00000000f5580000,0x00000000f5580000,0x00000000f9580000)
  from space 10752K, 55% used [0x00000000f9580000,0x00000000f9b55970,0x00000000fa000000)
  to   space 10752K, 0% used [0x00000000fa000000,0x00000000fa000000,0x00000000faa80000)
 ParOldGen       total 175104K, used 8K [0x00000000e0000000, 0x00000000eab00000, 0x00000000f5580000)
  object space 175104K, 0% used [0x00000000e0000000,0x00000000e0002000,0x00000000eab00000)
 Metaspace       used 7726K, capacity 8032K, committed 8320K, reserved 1056768K
  class space    used 974K, capacity 1079K, committed 1152K, reserved 1048576K
}
Event: 2.812 GC heap before
{Heap before GC invocations=2 (full 0):
 PSYoungGen      total 76288K, used 71510K [0x00000000f5580000, 0x00000000faa80000, 0x0000000100000000)
  eden space 65536K, 100% used [0x00000000f5580000,0x00000000f9580000,0x00000000f9580000)
  from space 10752K, 55% used [0x00000000f9580000,0x00000000f9b55970,0x00000000fa000000)
  to   space 10752K, 0% used [0x00000000fa000000,0x00000000fa000000,0x00000000faa80000)
 ParOldGen       total 175104K, used 8K [0x00000000e0000000, 0x00000000eab00000, 0x00000000f5580000)
  object space 175104K, 0% used [0x00000000e0000000,0x00000000e0002000,0x00000000eab00000)
 Metaspace       used 15155K, capacity 15732K, committed 16000K, reserved 1062912K
  class space    used 2133K, capacity 2316K, committed 2432K, reserved 1048576K
Event: 2.835 GC heap after
Heap after GC invocations=2 (full 0):
 PSYoungGen      total 76288K, used 9846K [0x00000000f5580000, 0x00000000faa80000, 0x0000000100000000)
  eden space 65536K, 0% used [0x00000000f5580000,0x00000000f5580000,0x00000000f9580000)
  from space 10752K, 91% used [0x00000000fa000000,0x00000000fa99dad8,0x00000000faa80000)
  to   space 10752K, 0% used [0x00000000f9580000,0x00000000f9580000,0x00000000fa000000)
 ParOldGen       total 175104K, used 16K [0x00000000e0000000, 0x00000000eab00000, 0x00000000f5580000)
  object space 175104K, 0% used [0x00000000e0000000,0x00000000e0004000,0x00000000eab00000)
 Metaspace       used 15155K, capacity 15732K, committed 16000K, reserved 1062912K
  class space    used 2133K, capacity 2316K, committed 2432K, reserved 1048576K
}
Event: 3.921 GC heap before
{Heap before GC invocations=3 (full 0):
 PSYoungGen      total 76288K, used 75382K [0x00000000f5580000, 0x00000000faa80000, 0x0000000100000000)
  eden space 65536K, 100% used [0x00000000f5580000,0x00000000f9580000,0x00000000f9580000)
  from space 10752K, 91% used [0x00000000fa000000,0x00000000fa99dad8,0x00000000faa80000)
  to   space 10752K, 0% used [0x00000000f9580000,0x00000000f9580000,0x00000000fa000000)
 ParOldGen       total 175104K, used 16K [0x00000000e0000000, 0x00000000eab00000, 0x00000000f5580000)
  object space 175104K, 0% used [0x00000000e0000000,0x00000000e0004000,0x00000000eab00000)
 Metaspace       used 19885K, capacity 20510K, committed 20864K, reserved 1067008K
  class space    used 2914K, capacity 3105K, committed 3200K, reserved 1048576K
Event: 3.934 GC heap after
Heap after GC invocations=3 (full 0):
 PSYoungGen      total 76288K, used 10744K [0x00000000f5580000, 0x00000000faa80000, 0x0000000100000000)
  eden space 65536K, 0% used [0x00000000f5580000,0x00000000f5580000,0x00000000f9580000)
  from space 10752K, 99% used [0x00000000f9580000,0x00000000f9ffe318,0x00000000fa000000)
  to   space 10752K, 0% used [0x00000000fa000000,0x00000000fa000000,0x00000000faa80000)
 ParOldGen       total 175104K, used 616K [0x00000000e0000000, 0x00000000eab00000, 0x00000000f5580000)
  object space 175104K, 0% used [0x00000000e0000000,0x00000000e009a2d0,0x00000000eab00000)
 Metaspace       used 19885K, capacity 20510K, committed 20864K, reserved 1067008K
  class space    used 2914K, capacity 3105K, committed 3200K, reserved 1048576K
}
Event: 4.013 GC heap before
{Heap before GC invocations=4 (full 0):
 PSYoungGen      total 76288K, used 21574K [0x00000000f5580000, 0x00000000faa80000, 0x0000000100000000)
  eden space 65536K, 16% used [0x00000000f5580000,0x00000000f6013830,0x00000000f9580000)
  from space 10752K, 99% used [0x00000000f9580000,0x00000000f9ffe318,0x00000000fa000000)
  to   space 10752K, 0% used [0x00000000fa000000,0x00000000fa000000,0x00000000faa80000)
 ParOldGen       total 175104K, used 616K [0x00000000e0000000, 0x00000000eab00000, 0x00000000f5580000)
  object space 175104K, 0% used [0x00000000e0000000,0x00000000e009a2d0,0x00000000eab00000)
 Metaspace       used 20461K, capacity 21056K, committed 21248K, reserved 1067008K
  class space    used 3010K, capacity 3202K, committed 3328K, reserved 1048576K
Event: 4.019 GC heap after
Heap after GC invocations=4 (full 0):
 PSYoungGen      total 76288K, used 7516K [0x00000000f5580000, 0x00000000faa80000, 0x0000000100000000)
  eden space 65536K, 0% used [0x00000000f5580000,0x00000000f5580000,0x00000000f9580000)
  from space 10752K, 69% used [0x00000000fa000000,0x00000000fa7573f8,0x00000000faa80000)
  to   space 10752K, 0% used [0x00000000f9580000,0x00000000f9580000,0x00000000fa000000)
 ParOldGen       total 175104K, used 624K [0x00000000e0000000, 0x00000000eab00000, 0x00000000f5580000)
  object space 175104K, 0% used [0x00000000e0000000,0x00000000e009c2d0,0x00000000eab00000)
 Metaspace       used 20461K, capacity 21056K, committed 21248K, reserved 1067008K
  class space    used 3010K, capacity 3202K, committed 3328K, reserved 1048576K
}
Event: 4.019 GC heap before
{Heap before GC invocations=5 (full 1):
 PSYoungGen      total 76288K, used 7516K [0x00000000f5580000, 0x00000000faa80000, 0x0000000100000000)
  eden space 65536K, 0% used [0x00000000f5580000,0x00000000f5580000,0x00000000f9580000)
  from space 10752K, 69% used [0x00000000fa000000,0x00000000fa7573f8,0x00000000faa80000)
  to   space 10752K, 0% used [0x00000000f9580000,0x00000000f9580000,0x00000000fa000000)
 ParOldGen       total 175104K, used 624K [0x00000000e0000000, 0x00000000eab00000, 0x00000000f5580000)
  object space 175104K, 0% used [0x00000000e0000000,0x00000000e009c2d0,0x00000000eab00000)
 Metaspace       used 20461K, capacity 21056K, committed 21248K, reserved 1067008K
  class space    used 3010K, capacity 3202K, committed 3328K, reserved 1048576K
Event: 4.055 GC heap after
Heap after GC invocations=5 (full 1):
 PSYoungGen      total 76288K, used 0K [0x00000000f5580000, 0x00000000faa80000, 0x0000000100000000)
  eden space 65536K, 0% used [0x00000000f5580000,0x00000000f5580000,0x00000000f9580000)
  from space 10752K, 0% used [0x00000000fa000000,0x00000000fa000000,0x00000000faa80000)
  to   space 10752K, 0% used [0x00000000f9580000,0x00000000f9580000,0x00000000fa000000)
 ParOldGen       total 175104K, used 7370K [0x00000000e0000000, 0x00000000eab00000, 0x00000000f5580000)
  object space 175104K, 4% used [0x00000000e0000000,0x00000000e0732af0,0x00000000eab00000)
 Metaspace       used 20461K, capacity 21056K, committed 21248K, reserved 1067008K
  class space    used 3010K, capacity 3202K, committed 3328K, reserved 1048576K
}

Deoptimization events (10 events):
Event: 3.148 Thread 0x0000023516dc0000 Uncommon trap: reason=unstable_if action=reinterpret pc=0x0000023502f2ee74 method=java.util.HashMap.getNode(ILjava/lang/Object;)Ljava/util/HashMap$Node; @ 129
Event: 3.148 Thread 0x0000023516dc0000 Uncommon trap: reason=bimorphic action=maybe_recompile pc=0x0000023503156d78 method=java.util.HashMap.putVal(ILjava/lang/Object;Ljava/lang/Object;ZZ)Ljava/lang/Object; @ 203
Event: 3.148 Thread 0x0000023516dc0000 Uncommon trap: reason=unstable_if action=reinterpret pc=0x0000023502f1e944 method=java.util.HashMap.getNode(ILjava/lang/Object;)Ljava/util/HashMap$Node; @ 129
Event: 3.150 Thread 0x0000023516dc0000 Uncommon trap: reason=bimorphic action=maybe_recompile pc=0x0000023503156d78 method=java.util.HashMap.putVal(ILjava/lang/Object;Ljava/lang/Object;ZZ)Ljava/lang/Object; @ 203
Event: 3.484 Thread 0x0000023516dc0000 Uncommon trap: reason=unstable_if action=reinterpret pc=0x00000235030987cc method=java.util.jar.Attributes$Name.isDigit(C)Z @ 3
Event: 3.677 Thread 0x0000023516dc0000 Uncommon trap: reason=unstable_if action=reinterpret pc=0x0000023502e8a948 method=java.net.URI.match(CJJ)Z @ 19
Event: 3.677 Thread 0x0000023516dc0000 Uncommon trap: reason=unstable_if action=reinterpret pc=0x0000023502f68780 method=java.net.URI.match(CJJ)Z @ 19
Event: 3.959 Thread 0x0000023516dc0000 Uncommon trap: reason=unstable_if action=reinterpret pc=0x00000235032ab960 method=java.util.HashMap.hash(Ljava/lang/Object;)I @ 1
Event: 3.968 Thread 0x0000023516dc0000 Uncommon trap: reason=unstable_if action=reinterpret pc=0x00000235032c97a8 method=java.util.HashMap.hash(Ljava/lang/Object;)I @ 1
Event: 4.143 Thread 0x0000023516dc0000 Uncommon trap: reason=unstable_if action=reinterpret pc=0x0000023502fca000 method=java.io.WinNTFileSystem.resolve(Ljava/lang/String;Ljava/lang/String;)Ljava/lang/String; @ 49

Classes redefined (0 events):
No events

Internal exceptions (10 events):
Event: 2.621 Thread 0x0000023516dc0000 Exception <a 'java/lang/NoSuchMethodError': java.lang.Object.lambda$static$0(Lorg/gradle/internal/state/ModelObject;)Ljava/lang/String;> (0x00000000f8d14a38) thrown at [C:\jenkins\workspace\8-2-build-windows-amd64-cygwin\jdk8u261\295\hotspot\src\share\vm\
Event: 2.762 Thread 0x0000023516dc0000 Exception <a 'java/lang/NoSuchMethodError': java.lang.Object.lambda$and$0(Ljava/util/function/Predicate;Ljava/lang/Object;)Z> (0x00000000f9423a70) thrown at [C:\jenkins\workspace\8-2-build-windows-amd64-cygwin\jdk8u261\295\hotspot\src\share\vm\interpreter
Event: 2.777 Thread 0x0000023516dc0000 Exception <a 'java/lang/IncompatibleClassChangeError': Found class java.lang.Object, but interface was expected> (0x00000000f9434050) thrown at [C:\jenkins\workspace\8-2-build-windows-amd64-cygwin\jdk8u261\295\hotspot\src\share\vm\interpreter\linkResolver
Event: 2.782 Thread 0x0000023516dc0000 Exception <a 'java/lang/NoSuchMethodError': java.lang.Object.lambda$or$2(Ljava/util/function/Predicate;Ljava/lang/Object;)Z> (0x00000000f9438e00) thrown at [C:\jenkins\workspace\8-2-build-windows-amd64-cygwin\jdk8u261\295\hotspot\src\share\vm\interpreter\
Event: 2.867 Thread 0x0000023516dc0000 Exception <a 'java/lang/NoSuchMethodError': java.lang.Object.lambda$comparing$77a9974f$1(Ljava/util/function/Function;Ljava/lang/Object;Ljava/lang/Object;)I> (0x00000000f588b018) thrown at [C:\jenkins\workspace\8-2-build-windows-amd64-cygwin\jdk8u261\295\
Event: 3.773 Thread 0x0000023516dc0000 Exception <a 'java/lang/NoSuchMethodError': java.lang.Object.lambda$static$1(Lorg/gradle/internal/snapshot/SnapshotHierarchy$DiffCapturingUpdateFunction;)Lorg/gradle/internal/snapshot/AtomicSnapshotHierarchyReference$UpdateFunction;> (0x00000000f88a53a8) 
Event: 3.959 Thread 0x0000023516dc0000 Implicit null exception at 0x00000235032ab755 to 0x00000235032ab951
Event: 3.968 Thread 0x0000023516dc0000 Implicit null exception at 0x00000235032c972f to 0x00000235032c9799
Event: 4.057 Thread 0x0000023516dc0000 Exception <a 'java/lang/NoSuchMethodError': java.lang.Object.lambda$withReadOnlyCache$0(Ljava/util/function/BiFunction;Lorg/gradle/api/internal/artifacts/ivyservice/ArtifactCacheMetadata;)Ljava/lang/Object;> (0x00000000f55a6fb0) thrown at [C:\jenkins\work
Event: 4.086 Thread 0x0000023516dc0000 Exception <a 'java/lang/NoSuchMethodError': java.lang.Object.lambda$static$0(Lorg/gradle/api/internal/artifacts/ivyservice/ivyresolve/ModuleComponentRepository;Ljava/lang/String;Lorg/gradle/api/internal/artifacts/configurations/ResolutionStrategyInternal;

Events (10 events):
Event: 4.415 loading class org/gradle/api/internal/attributes/DefaultCompatibilityRuleChain$ExceptionHandler
Event: 4.415 loading class org/gradle/api/internal/attributes/DefaultCompatibilityRuleChain$ExceptionHandler done
Event: 4.416 loading class org/gradle/api/internal/artifacts/JavaEcosystemSupport$UsageDisambiguationRules
Event: 4.416 loading class org/gradle/api/internal/artifacts/JavaEcosystemSupport$UsageDisambiguationRules done
Event: 4.416 loading class org/gradle/api/internal/artifacts/JavaEcosystemSupport$1
Event: 4.416 loading class org/gradle/api/internal/artifacts/JavaEcosystemSupport$1 done
Event: 4.416 loading class org/gradle/api/internal/artifacts/JavaEcosystemSupport$LibraryElementsCompatibilityRules
Event: 4.416 loading class org/gradle/api/internal/artifacts/JavaEcosystemSupport$LibraryElementsCompatibilityRules done
Event: 4.418 loading class org/gradle/api/internal/artifacts/JavaEcosystemSupport$LibraryElementsDisambiguationRules
Event: 4.418 loading class org/gradle/api/internal/artifacts/JavaEcosystemSupport$LibraryElementsDisambiguationRules done


Dynamic libraries:
0x00007ff74f220000 - 0x00007ff74f267000 	C:\Program Files\Java\jdk1.8.0_261\bin\java.exe
0x00007ffd1cb10000 - 0x00007ffd1cd05000 	C:\WINDOWS\SYSTEM32\ntdll.dll
0x00007ffd1ae10000 - 0x00007ffd1aecd000 	C:\WINDOWS\System32\KERNEL32.DLL
0x00007ffd1a870000 - 0x00007ffd1ab37000 	C:\WINDOWS\System32\KERNELBASE.dll
0x00007ffd1c500000 - 0x00007ffd1c5aa000 	C:\WINDOWS\System32\ADVAPI32.dll
0x00007ffd1be70000 - 0x00007ffd1bf0e000 	C:\WINDOWS\System32\msvcrt.dll
0x00007ffd1ac60000 - 0x00007ffd1acfb000 	C:\WINDOWS\System32\sechost.dll
0x00007ffd1c2b0000 - 0x00007ffd1c3d4000 	C:\WINDOWS\System32\RPCRT4.dll
0x00007ffd1bf80000 - 0x00007ffd1c120000 	C:\WINDOWS\System32\USER32.dll
0x00007ffd1a340000 - 0x00007ffd1a362000 	C:\WINDOWS\System32\win32u.dll
0x00007ffd1c280000 - 0x00007ffd1c2aa000 	C:\WINDOWS\System32\GDI32.dll
0x00007ffd1a450000 - 0x00007ffd1a559000 	C:\WINDOWS\System32\gdi32full.dll
0x00007ffd1a220000 - 0x00007ffd1a2bd000 	C:\WINDOWS\System32\msvcp_win.dll
0x00007ffd1a770000 - 0x00007ffd1a870000 	C:\WINDOWS\System32\ucrtbase.dll
0x00007ffd0fe60000 - 0x00007ffd100fb000 	C:\WINDOWS\WinSxS\amd64_microsoft.windows.common-controls_6595b64144ccf1df_6.0.19041.488_none_ca04af081b815d21\COMCTL32.dll
0x00007ffd1c3e0000 - 0x00007ffd1c410000 	C:\WINDOWS\System32\IMM32.DLL
0x00007ffd02fd0000 - 0x00007ffd02fe5000 	C:\Program Files\Java\jdk1.8.0_261\jre\bin\vcruntime140.dll
0x00007ffcf11a0000 - 0x00007ffcf123b000 	C:\Program Files\Java\jdk1.8.0_261\jre\bin\msvcp140.dll
0x000000006bcf0000 - 0x000000006c55c000 	C:\Program Files\Java\jdk1.8.0_261\jre\bin\server\jvm.dll
0x00007ffd1c410000 - 0x00007ffd1c418000 	C:\WINDOWS\System32\PSAPI.DLL
0x00007ffd120e0000 - 0x00007ffd12107000 	C:\WINDOWS\SYSTEM32\WINMM.dll
0x00007ffcf6170000 - 0x00007ffcf6179000 	C:\WINDOWS\SYSTEM32\WSOCK32.dll
0x00007ffd124a0000 - 0x00007ffd124aa000 	C:\WINDOWS\SYSTEM32\VERSION.dll
0x00007ffd1bf10000 - 0x00007ffd1bf7b000 	C:\WINDOWS\System32\WS2_32.dll
0x00007ffd18b30000 - 0x00007ffd18b43000 	C:\WINDOWS\SYSTEM32\kernel.appcore.dll
0x00007ffd0c380000 - 0x00007ffd0c390000 	C:\Program Files\Java\jdk1.8.0_261\jre\bin\verify.dll
0x00007ffcfc330000 - 0x00007ffcfc35b000 	C:\Program Files\Java\jdk1.8.0_261\jre\bin\java.dll
0x00007ffd022f0000 - 0x00007ffd02308000 	C:\Program Files\Java\jdk1.8.0_261\jre\bin\zip.dll
0x00007ffd1b400000 - 0x00007ffd1bb41000 	C:\WINDOWS\System32\SHELL32.dll
0x00007ffd18380000 - 0x00007ffd18b13000 	C:\WINDOWS\SYSTEM32\windows.storage.dll
0x00007ffd1c6e0000 - 0x00007ffd1ca35000 	C:\WINDOWS\System32\combase.dll
0x00007ffd19c90000 - 0x00007ffd19cbc000 	C:\WINDOWS\SYSTEM32\Wldp.dll
0x00007ffd1bc00000 - 0x00007ffd1bcae000 	C:\WINDOWS\System32\SHCORE.dll
0x00007ffd1c120000 - 0x00007ffd1c175000 	C:\WINDOWS\System32\shlwapi.dll
0x00007ffd1a150000 - 0x00007ffd1a176000 	C:\WINDOWS\SYSTEM32\profapi.dll
0x00007ffd00f10000 - 0x00007ffd00f2c000 	C:\Program Files\Java\jdk1.8.0_261\jre\bin\net.dll
0x00007ffd19a10000 - 0x00007ffd19a7a000 	C:\WINDOWS\system32\mswsock.dll
0x00007ffcf2820000 - 0x00007ffcf2833000 	C:\Program Files\Java\jdk1.8.0_261\jre\bin\nio.dll
0x00007ffcfed60000 - 0x00007ffcfed87000 	C:\Users\cheba\.gradle\native\9f2fa17c089eee584f3420100432f77ec4c098959e4bf121a4d6054c26537dfb\windows-amd64\native-platform.dll
0x00007ffd02fc0000 - 0x00007ffd02fcd000 	C:\Program Files\Java\jdk1.8.0_261\jre\bin\management.dll
0x00007ffd19bf0000 - 0x00007ffd19c08000 	C:\WINDOWS\SYSTEM32\CRYPTSP.dll
0x00007ffd19330000 - 0x00007ffd19364000 	C:\WINDOWS\system32\rsaenh.dll
0x00007ffd1a310000 - 0x00007ffd1a337000 	C:\WINDOWS\System32\bcrypt.dll
0x00007ffd1a0d0000 - 0x00007ffd1a0fe000 	C:\WINDOWS\SYSTEM32\USERENV.dll
0x00007ffd1a370000 - 0x00007ffd1a3ef000 	C:\WINDOWS\System32\bcryptprimitives.dll
0x00007ffd19be0000 - 0x00007ffd19bec000 	C:\WINDOWS\SYSTEM32\CRYPTBASE.dll
0x00007ffd196b0000 - 0x00007ffd196eb000 	C:\WINDOWS\SYSTEM32\IPHLPAPI.DLL
0x00007ffd1c420000 - 0x00007ffd1c429000 	C:\WINDOWS\System32\NSI.dll
0x00007ffd13280000 - 0x00007ffd13297000 	C:\WINDOWS\SYSTEM32\dhcpcsvc6.DLL
0x00007ffd13260000 - 0x00007ffd1327d000 	C:\WINDOWS\SYSTEM32\dhcpcsvc.DLL
0x00007ffd19700000 - 0x00007ffd197cb000 	C:\WINDOWS\SYSTEM32\DNSAPI.dll
0x00007ffd13410000 - 0x00007ffd1341b000 	C:\WINDOWS\SYSTEM32\WINNSI.DLL
0x00007ffcf0eb0000 - 0x00007ffcf1046000 	C:\Users\cheba\.gradle\native\9f2fa17c089eee584f3420100432f77ec4c098959e4bf121a4d6054c26537dfb\windows-amd64\native-platform-file-events.dll
0x00007ffd087d0000 - 0x00007ffd089b4000 	C:\WINDOWS\SYSTEM32\dbghelp.dll

VM Arguments:
jvm_args: -XX:MaxMetaspaceSize=256m -XX:+HeapDumpOnOutOfMemoryError -Xms256m -Xmx512m -Dfile.encoding=windows-1251 -Duser.country=RU -Duser.language=ru -Duser.variant 
java_command: org.gradle.launcher.daemon.bootstrap.GradleDaemon 6.6.1
java_class_path (initial): C:\Users\cheba\.gradle\wrapper\dists\gradle-6.6.1-all\ejrtlte9hlw8v6ii20a9584rs\gradle-6.6.1\lib\gradle-launcher-6.6.1.jar
Launcher Type: SUN_STANDARD

Environment Variables:
CLASSPATH=C:\Users\cheba\Desktop\SVFU\mobile\labi\chebanovKonstantin\android\\gradle\wrapper\gradle-wrapper.jar
PATH=C:\Users\cheba\Desktop\SVFU\mobile\labi\chebanovKonstantin\android\node_modules\.bin;C:\Users\cheba\Desktop\SVFU\mobile\labi\chebanovKonstantin\node_modules\.bin;C:\Users\cheba\Desktop\SVFU\mobile\labi\node_modules\.bin;C:\Users\cheba\Desktop\SVFU\mobile\node_modules\.bin;C:\Users\cheba\Desktop\SVFU\node_modules\.bin;C:\Users\cheba\Desktop\node_modules\.bin;C:\Users\cheba\node_modules\.bin;C:\Users\node_modules\.bin;C:\node_modules\.bin;C:\Program Files\nodejs;C:\Python38\Scripts\;C:\Python38\;C:\Program Files (x86)\Common Files\Oracle\Java\javapath;C:\ProgramData\Oracle\Java\javapath;C:\Windows\system32;C:\Windows;C:\Windows\System32\Wbem;C:\Windows\System32\WindowsPowerShell\v1.0\;C:\Windows\System32\OpenSSH\;C:\Program Files\NVIDIA Corporation\NVIDIA NvDLISR;C:\Program Files (x86)\NVIDIA Corporation\PhysX\Common;C:\Program Files\dotnet\;C:\Program Files\Microsoft SQL Server\130\Tools\Binn\;C:\Program Files\Microsoft SQL Server\Client SDK\ODBC\170\Tools\Binn\;C:\Program Files (x86)\Common Files\Acronis\VirtualFile\;C:\Program Files (x86)\Common Files\Acronis\VirtualFile64\;C:\Program Files (x86)\Common Files\Acronis\SnapAPI\;C:\Program Files\Git\cmd;C:\Program Files\nodejs\;C:\ProgramData\chocolatey\bin;C:\Program Files (x86)\Yarn\bin\;C:\WINDOWS\system32;C:\WINDOWS;C:\WINDOWS\System32\Wbem;C:\WINDOWS\System32\WindowsPowerShell\v1.0\;C:\WINDOWS\System32\OpenSSH\;C:\Users\cheba\AppData\Local\Android\Sdk\platform-tools;C:\Users\cheba\AppData\Local\Microsoft\WindowsApps;C:\Users\cheba\.dotnet\tools;C:\Users\cheba\AppData\Local\Programs\Microsoft VS Code\bin;C:\Users\cheba\AppData\Roaming\npm;C:\Users\cheba\AppData\Local\Yarn\bin;C:\Users\cheba\AppData\Local\Android\Sdk \platform-tools;C:\Users\cheba\AppData\Local\Android\Sdk \tools;C:\Program Files\heroku\bin;C:\Users\cheba\AppData\Local\Microsoft\WindowsApps;C:\Users\cheba\AppData\Local\Android\Sdk\platform-tools
USERNAME=cheba
OS=Windows_NT
PROCESSOR_IDENTIFIER=Intel64 Family 6 Model 60 Stepping 3, GenuineIntel



---------------  S Y S T E M  ---------------

OS: Windows 10.0 , 64 bit Build 19041 (10.0.19041.292)

CPU:total 4 (initial active 4) (4 cores per cpu, 1 threads per core) family 6 model 60 stepping 3, cmov, cx8, fxsr, mmx, sse, sse2, sse3, ssse3, sse4.1, sse4.2, popcnt, avx, avx2, aes, clmul, erms, lzcnt, tsc, tscinvbit, bmi1, bmi2

Memory: 4k page, physical 8324924k(2253076k free), swap 10282812k(4656k free)

vm_info: Java HotSpot(TM) 64-Bit Server VM (25.261-b12) for windows-amd64 JRE (1.8.0_261-b12), built on Jun 18 2020 06:56:32 by "" with unknown MS VC++:1916

time: Fri Sep 25 00:19:05 2020
timezone: RTZ 8 (зима)
elapsed time: 4 seconds (0d 0h 0m 4s)

